<?xml version="1.0" encoding="UTF-8"?>
<testsuite xmlns:xsi="http://www.w3.org/2001/XMLSchema-instance" xsi:noNamespaceSchemaLocation="https://maven.apache.org/surefire/maven-surefire-plugin/xsd/surefire-test-report-3.0.xsd" version="3.0" name="TestSuite" time="44.116" tests="2" errors="0" skipped="0" failures="0">
  <properties>
    <property name="gopherProxySet" value="false"/>
    <property name="awt.toolkit" value="sun.lwawt.macosx.LWCToolkit"/>
    <property name="file.encoding.pkg" value="sun.io"/>
    <property name="java.specification.version" value="1.8"/>
    <property name="webdriver.chrome.driver" value="/Users/dhinash.arunachalam/.cache/selenium/chromedriver/mac64/91.0.4472.101/chromedriver"/>
    <property name="sun.cpu.isalist" value=""/>
    <property name="sun.jnu.encoding" value="UTF-8"/>
    <property name="java.class.path" value="/Users/dhinash.arunachalam/IdeaProjects/CommBankTest/target/test-classes:/Users/dhinash.arunachalam/IdeaProjects/CommBankTest/target/classes:/Users/dhinash.arunachalam/.m2/repository/io/github/bonigarcia/webdrivermanager/4.3.1/webdrivermanager-4.3.1.jar:/Users/dhinash.arunachalam/.m2/repository/org/slf4j/slf4j-api/1.7.30/slf4j-api-1.7.30.jar:/Users/dhinash.arunachalam/.m2/repository/commons-io/commons-io/2.8.0/commons-io-2.8.0.jar:/Users/dhinash.arunachalam/.m2/repository/com/google/code/gson/gson/2.8.6/gson-2.8.6.jar:/Users/dhinash.arunachalam/.m2/repository/org/apache/commons/commons-lang3/3.11/commons-lang3-3.11.jar:/Users/dhinash.arunachalam/.m2/repository/org/apache/httpcomponents/client5/httpclient5/5.0.3/httpclient5-5.0.3.jar:/Users/dhinash.arunachalam/.m2/repository/org/apache/httpcomponents/core5/httpcore5/5.0.2/httpcore5-5.0.2.jar:/Users/dhinash.arunachalam/.m2/repository/org/apache/httpcomponents/core5/httpcore5-h2/5.0.2/httpcore5-h2-5.0.2.jar:/Users/dhinash.arunachalam/.m2/repository/commons-codec/commons-codec/1.13/commons-codec-1.13.jar:/Users/dhinash.arunachalam/.m2/repository/org/rauschig/jarchivelib/1.1.0/jarchivelib-1.1.0.jar:/Users/dhinash.arunachalam/.m2/repository/org/apache/commons/commons-compress/1.20/commons-compress-1.20.jar:/Users/dhinash.arunachalam/.m2/repository/org/jsoup/jsoup/1.13.1/jsoup-1.13.1.jar:/Users/dhinash.arunachalam/.m2/repository/org/testng/testng/6.14.2/testng-6.14.2.jar:/Users/dhinash.arunachalam/.m2/repository/com/beust/jcommander/1.72/jcommander-1.72.jar:/Users/dhinash.arunachalam/.m2/repository/org/apache-extras/beanshell/bsh/2.0b6/bsh-2.0b6.jar:/Users/dhinash.arunachalam/.m2/repository/org/seleniumhq/selenium/selenium-java/3.141.59/selenium-java-3.141.59.jar:/Users/dhinash.arunachalam/.m2/repository/org/seleniumhq/selenium/selenium-api/3.141.59/selenium-api-3.141.59.jar:/Users/dhinash.arunachalam/.m2/repository/org/seleniumhq/selenium/selenium-chrome-driver/3.141.59/selenium-chrome-driver-3.141.59.jar:/Users/dhinash.arunachalam/.m2/repository/org/seleniumhq/selenium/selenium-edge-driver/3.141.59/selenium-edge-driver-3.141.59.jar:/Users/dhinash.arunachalam/.m2/repository/org/seleniumhq/selenium/selenium-firefox-driver/3.141.59/selenium-firefox-driver-3.141.59.jar:/Users/dhinash.arunachalam/.m2/repository/org/seleniumhq/selenium/selenium-ie-driver/3.141.59/selenium-ie-driver-3.141.59.jar:/Users/dhinash.arunachalam/.m2/repository/org/seleniumhq/selenium/selenium-opera-driver/3.141.59/selenium-opera-driver-3.141.59.jar:/Users/dhinash.arunachalam/.m2/repository/org/seleniumhq/selenium/selenium-remote-driver/3.141.59/selenium-remote-driver-3.141.59.jar:/Users/dhinash.arunachalam/.m2/repository/org/seleniumhq/selenium/selenium-safari-driver/3.141.59/selenium-safari-driver-3.141.59.jar:/Users/dhinash.arunachalam/.m2/repository/org/seleniumhq/selenium/selenium-support/3.141.59/selenium-support-3.141.59.jar:/Users/dhinash.arunachalam/.m2/repository/net/bytebuddy/byte-buddy/1.8.15/byte-buddy-1.8.15.jar:/Users/dhinash.arunachalam/.m2/repository/org/apache/commons/commons-exec/1.3/commons-exec-1.3.jar:/Users/dhinash.arunachalam/.m2/repository/com/google/guava/guava/25.0-jre/guava-25.0-jre.jar:/Users/dhinash.arunachalam/.m2/repository/com/google/code/findbugs/jsr305/1.3.9/jsr305-1.3.9.jar:/Users/dhinash.arunachalam/.m2/repository/org/checkerframework/checker-compat-qual/2.0.0/checker-compat-qual-2.0.0.jar:/Users/dhinash.arunachalam/.m2/repository/com/google/errorprone/error_prone_annotations/2.1.3/error_prone_annotations-2.1.3.jar:/Users/dhinash.arunachalam/.m2/repository/com/google/j2objc/j2objc-annotations/1.1/j2objc-annotations-1.1.jar:/Users/dhinash.arunachalam/.m2/repository/org/codehaus/mojo/animal-sniffer-annotations/1.14/animal-sniffer-annotations-1.14.jar:/Users/dhinash.arunachalam/.m2/repository/com/squareup/okhttp3/okhttp/3.11.0/okhttp-3.11.0.jar:/Users/dhinash.arunachalam/.m2/repository/com/squareup/okio/okio/1.14.0/okio-1.14.0.jar:/Users/dhinash.arunachalam/.m2/repository/com/aventstack/extentreports/5.0.6/extentreports-5.0.6.jar:/Users/dhinash.arunachalam/.m2/repository/io/reactivex/rxjava3/rxjava/3.0.4/rxjava-3.0.4.jar:/Users/dhinash.arunachalam/.m2/repository/org/reactivestreams/reactive-streams/1.0.3/reactive-streams-1.0.3.jar:/Users/dhinash.arunachalam/.m2/repository/org/freemarker/freemarker/2.3.30/freemarker-2.3.30.jar:/Users/dhinash.arunachalam/.m2/repository/org/projectlombok/lombok/1.18.12/lombok-1.18.12.jar:"/>
    <property name="java.vm.vendor" value="Oracle Corporation"/>
    <property name="sun.arch.data.model" value="64"/>
    <property name="java.vendor.url" value="http://java.oracle.com/"/>
    <property name="user.timezone" value="Australia/Sydney"/>
    <property name="java.vm.specification.version" value="1.8"/>
    <property name="os.name" value="Mac OS X"/>
    <property name="user.country" value="AU"/>
    <property name="sun.java.launcher" value="SUN_STANDARD"/>
    <property name="sun.boot.library.path" value="/Library/Java/JavaVirtualMachines/jdk1.8.0_291.jdk/Contents/Home/jre/lib"/>
    <property name="sun.java.command" value="/Users/dhinash.arunachalam/IdeaProjects/CommBankTest/target/surefire/surefirebooter7191834015345476025.jar /Users/dhinash.arunachalam/IdeaProjects/CommBankTest/target/surefire 2021-07-18T19-48-24_130-jvmRun1 surefire6460503094124153796tmp surefire_03926257865673792380tmp"/>
    <property name="surefire.test.class.path" value="/Users/dhinash.arunachalam/IdeaProjects/CommBankTest/target/test-classes:/Users/dhinash.arunachalam/IdeaProjects/CommBankTest/target/classes:/Users/dhinash.arunachalam/.m2/repository/io/github/bonigarcia/webdrivermanager/4.3.1/webdrivermanager-4.3.1.jar:/Users/dhinash.arunachalam/.m2/repository/org/slf4j/slf4j-api/1.7.30/slf4j-api-1.7.30.jar:/Users/dhinash.arunachalam/.m2/repository/commons-io/commons-io/2.8.0/commons-io-2.8.0.jar:/Users/dhinash.arunachalam/.m2/repository/com/google/code/gson/gson/2.8.6/gson-2.8.6.jar:/Users/dhinash.arunachalam/.m2/repository/org/apache/commons/commons-lang3/3.11/commons-lang3-3.11.jar:/Users/dhinash.arunachalam/.m2/repository/org/apache/httpcomponents/client5/httpclient5/5.0.3/httpclient5-5.0.3.jar:/Users/dhinash.arunachalam/.m2/repository/org/apache/httpcomponents/core5/httpcore5/5.0.2/httpcore5-5.0.2.jar:/Users/dhinash.arunachalam/.m2/repository/org/apache/httpcomponents/core5/httpcore5-h2/5.0.2/httpcore5-h2-5.0.2.jar:/Users/dhinash.arunachalam/.m2/repository/commons-codec/commons-codec/1.13/commons-codec-1.13.jar:/Users/dhinash.arunachalam/.m2/repository/org/rauschig/jarchivelib/1.1.0/jarchivelib-1.1.0.jar:/Users/dhinash.arunachalam/.m2/repository/org/apache/commons/commons-compress/1.20/commons-compress-1.20.jar:/Users/dhinash.arunachalam/.m2/repository/org/jsoup/jsoup/1.13.1/jsoup-1.13.1.jar:/Users/dhinash.arunachalam/.m2/repository/org/testng/testng/6.14.2/testng-6.14.2.jar:/Users/dhinash.arunachalam/.m2/repository/com/beust/jcommander/1.72/jcommander-1.72.jar:/Users/dhinash.arunachalam/.m2/repository/org/apache-extras/beanshell/bsh/2.0b6/bsh-2.0b6.jar:/Users/dhinash.arunachalam/.m2/repository/org/seleniumhq/selenium/selenium-java/3.141.59/selenium-java-3.141.59.jar:/Users/dhinash.arunachalam/.m2/repository/org/seleniumhq/selenium/selenium-api/3.141.59/selenium-api-3.141.59.jar:/Users/dhinash.arunachalam/.m2/repository/org/seleniumhq/selenium/selenium-chrome-driver/3.141.59/selenium-chrome-driver-3.141.59.jar:/Users/dhinash.arunachalam/.m2/repository/org/seleniumhq/selenium/selenium-edge-driver/3.141.59/selenium-edge-driver-3.141.59.jar:/Users/dhinash.arunachalam/.m2/repository/org/seleniumhq/selenium/selenium-firefox-driver/3.141.59/selenium-firefox-driver-3.141.59.jar:/Users/dhinash.arunachalam/.m2/repository/org/seleniumhq/selenium/selenium-ie-driver/3.141.59/selenium-ie-driver-3.141.59.jar:/Users/dhinash.arunachalam/.m2/repository/org/seleniumhq/selenium/selenium-opera-driver/3.141.59/selenium-opera-driver-3.141.59.jar:/Users/dhinash.arunachalam/.m2/repository/org/seleniumhq/selenium/selenium-remote-driver/3.141.59/selenium-remote-driver-3.141.59.jar:/Users/dhinash.arunachalam/.m2/repository/org/seleniumhq/selenium/selenium-safari-driver/3.141.59/selenium-safari-driver-3.141.59.jar:/Users/dhinash.arunachalam/.m2/repository/org/seleniumhq/selenium/selenium-support/3.141.59/selenium-support-3.141.59.jar:/Users/dhinash.arunachalam/.m2/repository/net/bytebuddy/byte-buddy/1.8.15/byte-buddy-1.8.15.jar:/Users/dhinash.arunachalam/.m2/repository/org/apache/commons/commons-exec/1.3/commons-exec-1.3.jar:/Users/dhinash.arunachalam/.m2/repository/com/google/guava/guava/25.0-jre/guava-25.0-jre.jar:/Users/dhinash.arunachalam/.m2/repository/com/google/code/findbugs/jsr305/1.3.9/jsr305-1.3.9.jar:/Users/dhinash.arunachalam/.m2/repository/org/checkerframework/checker-compat-qual/2.0.0/checker-compat-qual-2.0.0.jar:/Users/dhinash.arunachalam/.m2/repository/com/google/errorprone/error_prone_annotations/2.1.3/error_prone_annotations-2.1.3.jar:/Users/dhinash.arunachalam/.m2/repository/com/google/j2objc/j2objc-annotations/1.1/j2objc-annotations-1.1.jar:/Users/dhinash.arunachalam/.m2/repository/org/codehaus/mojo/animal-sniffer-annotations/1.14/animal-sniffer-annotations-1.14.jar:/Users/dhinash.arunachalam/.m2/repository/com/squareup/okhttp3/okhttp/3.11.0/okhttp-3.11.0.jar:/Users/dhinash.arunachalam/.m2/repository/com/squareup/okio/okio/1.14.0/okio-1.14.0.jar:/Users/dhinash.arunachalam/.m2/repository/com/aventstack/extentreports/5.0.6/extentreports-5.0.6.jar:/Users/dhinash.arunachalam/.m2/repository/io/reactivex/rxjava3/rxjava/3.0.4/rxjava-3.0.4.jar:/Users/dhinash.arunachalam/.m2/repository/org/reactivestreams/reactive-streams/1.0.3/reactive-streams-1.0.3.jar:/Users/dhinash.arunachalam/.m2/repository/org/freemarker/freemarker/2.3.30/freemarker-2.3.30.jar:/Users/dhinash.arunachalam/.m2/repository/org/projectlombok/lombok/1.18.12/lombok-1.18.12.jar:"/>
    <property name="sun.cpu.endian" value="little"/>
    <property name="user.home" value="/Users/dhinash.arunachalam"/>
    <property name="user.language" value="en"/>
    <property name="java.specification.vendor" value="Oracle Corporation"/>
    <property name="java.home" value="/Library/Java/JavaVirtualMachines/jdk1.8.0_291.jdk/Contents/Home/jre"/>
    <property name="basedir" value="/Users/dhinash.arunachalam/IdeaProjects/CommBankTest"/>
    <property name="file.separator" value="/"/>
    <property name="line.separator" value="&#10;"/>
    <property name="java.vm.specification.vendor" value="Oracle Corporation"/>
    <property name="java.specification.name" value="Java Platform API Specification"/>
    <property name="java.awt.graphicsenv" value="sun.awt.CGraphicsEnvironment"/>
    <property name="surefire.real.class.path" value="/Users/dhinash.arunachalam/IdeaProjects/CommBankTest/target/surefire/surefirebooter7191834015345476025.jar"/>
    <property name="sun.boot.class.path" value="/Library/Java/JavaVirtualMachines/jdk1.8.0_291.jdk/Contents/Home/jre/lib/resources.jar:/Library/Java/JavaVirtualMachines/jdk1.8.0_291.jdk/Contents/Home/jre/lib/rt.jar:/Library/Java/JavaVirtualMachines/jdk1.8.0_291.jdk/Contents/Home/jre/lib/sunrsasign.jar:/Library/Java/JavaVirtualMachines/jdk1.8.0_291.jdk/Contents/Home/jre/lib/jsse.jar:/Library/Java/JavaVirtualMachines/jdk1.8.0_291.jdk/Contents/Home/jre/lib/jce.jar:/Library/Java/JavaVirtualMachines/jdk1.8.0_291.jdk/Contents/Home/jre/lib/charsets.jar:/Library/Java/JavaVirtualMachines/jdk1.8.0_291.jdk/Contents/Home/jre/lib/jfr.jar:/Library/Java/JavaVirtualMachines/jdk1.8.0_291.jdk/Contents/Home/jre/classes"/>
    <property name="sun.management.compiler" value="HotSpot 64-Bit Tiered Compilers"/>
    <property name="java.runtime.version" value="1.8.0_291-b10"/>
    <property name="user.name" value="dhinash.arunachalam"/>
    <property name="path.separator" value=":"/>
    <property name="os.version" value="10.16"/>
    <property name="java.endorsed.dirs" value="/Library/Java/JavaVirtualMachines/jdk1.8.0_291.jdk/Contents/Home/jre/lib/endorsed"/>
    <property name="java.runtime.name" value="Java(TM) SE Runtime Environment"/>
    <property name="file.encoding" value="UTF-8"/>
    <property name="java.vm.name" value="Java HotSpot(TM) 64-Bit Server VM"/>
    <property name="localRepository" value="/Users/dhinash.arunachalam/.m2/repository"/>
    <property name="java.vendor.url.bug" value="http://bugreport.sun.com/bugreport/"/>
    <property name="java.io.tmpdir" value="/var/folders/dc/myd25c0x4hz3552r2lcgck540000gr/T/"/>
    <property name="java.version" value="1.8.0_291"/>
    <property name="user.dir" value="/Users/dhinash.arunachalam/IdeaProjects/CommBankTest"/>
    <property name="os.arch" value="x86_64"/>
    <property name="java.vm.specification.name" value="Java Virtual Machine Specification"/>
    <property name="java.awt.printerjob" value="sun.lwawt.macosx.CPrinterJob"/>
    <property name="sun.os.patch.level" value="unknown"/>
    <property name="java.library.path" value="/Users/dhinash.arunachalam/Library/Java/Extensions:/Library/Java/Extensions:/Network/Library/Java/Extensions:/System/Library/Java/Extensions:/usr/lib/java:."/>
    <property name="java.vm.info" value="mixed mode"/>
    <property name="java.vendor" value="Oracle Corporation"/>
    <property name="java.vm.version" value="25.291-b10"/>
    <property name="java.ext.dirs" value="/Users/dhinash.arunachalam/Library/Java/Extensions:/Library/Java/JavaVirtualMachines/jdk1.8.0_291.jdk/Contents/Home/jre/lib/ext:/Library/Java/Extensions:/Network/Library/Java/Extensions:/System/Library/Java/Extensions:/usr/lib/java"/>
    <property name="sun.io.unicode.encoding" value="UnicodeBig"/>
    <property name="java.class.version" value="52.0"/>
  </properties>
  <testcase name="completeChallengeAndVerifyLeaderboard" classname="com.au.covidgame.test.CovidTest" time="25.564"/>
  <testcase name="userCreation" classname="com.au.covidgame.test.CovidTest" time="0.546"/>
</testsuite>