<?xml version="1.0" encoding="UTF-8"?>
<!-- Generated by org.testng.reporters.JUnitReportReporter -->
<testsuite skipped="0" hostname="C02F21QMML7H" name="com.au.covidgame.test.CovidTest" tests="2" failures="0" timestamp="18 Jul 2021 09:49:08 GMT" time="42.569" errors="0">
  <testcase name="userCreation" time="8.628" classname="com.au.covidgame.test.CovidTest"/>
  <testcase name="completeChallengeAndVerifyLeaderboard" time="33.941" classname="com.au.covidgame.test.CovidTest"/>
</testsuite> <!-- com.au.covidgame.test.CovidTest -->
