<?xml version="1.0" encoding="UTF-8"?>
<!-- Generated by org.testng.reporters.JUnitReportReporter -->
<testsuite hostname="C02F21QMML7H" name="com.cbatest.Tests.superVillainTest" tests="3" failures="0" timestamp="18 Jul 2021 10:42:54 GMT" time="8.069" errors="0">
  <testcase name="UpdateUser" time="1.661" classname="com.cbatest.Tests.superVillainTest"/>
  <testcase name="GetUser" time="1.489" classname="com.cbatest.Tests.superVillainTest"/>
  <testcase name="AddNewUser" time="4.919" classname="com.cbatest.Tests.superVillainTest"/>
</testsuite> <!-- com.cbatest.Tests.superVillainTest -->
